Chere Camille

J'essaie de faire une selection des CR pour l'atelier du 12 fev.

J'ai passe un peu de temps a comprendre les variations de noms de fichier ("CR", versus "compte-rendu" etc.) en cherchant de les normaliser et simplifier... Voici un tableau de mon etat de croyance ("state of belief") actuel!

La date et celle de la reunion, evidemment, dans un format normalise (la mention "00" pour le jour est a corriger)

"Transcripts" indique combien de fichiers de retranscriptions j'ai trouve pour cette reunion. Les fichiers correspondants sont par ex 19721108_CR.doc (pour un compte rendu) ou bien CRR pour un compte rendu redigee.

"Graphics" indique combien de fichiers de page-images j'ai trouves. Ils sont nommes par ex 19721108_1.jpg 19721108_2.jpg etc. dans l'ordre de lecture. Seul exception: s'il y a plusieurs versions d'un seul doc (par ex une version CR et une autre CRR), la numerotation continue. 
 
L'asterix indique une lacune, par ex un image sans transcription ou vice versa.

Je te demande 2 choses:

a) est-ce que cette demarche te semble raisonnable?

b) yatil des reunions d'interet notable a traiter a l'atelier?

Et une troisieme: est-ce que tu sais deja conmbien de participants sont prevenus?

Je suis a Paris la semaine prochaine, en principe au centre censier a partir de l'apres midi de mercredi, donc, a bientot

Lou


Date	Transcripts	Graphics
19660823		5	*
19710406	1	1	
19710701	1	2	
19710827		6	*
19710910		5	*
19711026	1	4	
19711125	1	2	
19720113	1	1	
19720418		1	*
19720523		1	*
19720822		2	*
19721011		3	*
19721108	2	3	
19730214	1	2	
19730328	1	2	
19730425	1	3	
19730509	1	1	
19730606	1	2	
19730628	1	1	
19730905	1	1	
19731008	1	1	
19731116	1	2	
19731207	1	1	
19740208	1	1	
19740308	1	1	
19740405	1	2	
19740610	1	9	
19740611	1	2	
19740823	1	2	
19740919	1	4	
19741024	1	2	
19741107	1	2	
19741128	1	3	
19741216	1	3	
19750110	1	2	
19750410	1	2	
19750516	1	2	
19750620	1	1	
19750923	1	1	
19751008	1	1	
19751028	1	4	
19760217	1	1	
19760415	1	1	
19760513	1	1	
19760610	1	1	
19760803		4	*
19760923	1	2	
19761028	1	2	
19761125	1	4	
19761220		2	*
19780100		3	*
19780200		4	*
19780300		3	*
19780400		4	*
19780500		5	*
19780600		4	*
19780800		2	*
19780900		1	*
19781011		5	*
19781200		3	*
